14:31:09.882 [main] INFO  o.a.AndroidAnnotationProcessor:84 - Initialize AndroidAnnotations 3.2 with options {}
14:31:10.164 [main] INFO  o.a.AndroidAnnotationProcessor:108 - Start processing for 3 annotations on 3 elements
14:31:10.202 [main] DEBUG o.a.h.AndroidManifestFinder:137 - AndroidManifest.xml file found in parent folder /Users/em.dogelio/Personal/color-coding-android: /Users/em.dogelio/Personal/color-coding-android/AndroidManifest.xml
14:31:10.271 [main] INFO  o.a.AndroidAnnotationProcessor:171 - AndroidManifest.xml found: AndroidManifest [applicationPackage=com.emirrah.app, componentQualifiedNames=[com.emirrah.app.MainActivity_], permissionQualifiedNames=[], applicationClassName=null, libraryProject=false, debugabble=false, minSdkVersion=16, maxSdkVersion=-1, targetSdkVersion=22]
14:31:10.272 [main] INFO  o.a.r.ProjectRClassFinder:50 - Found project R class: com.emirrah.app.R
14:31:10.344 [main] INFO  o.a.r.AndroidRClassFinder:44 - Found Android class: android.R
14:31:10.478 [main] INFO  o.a.p.ModelValidator:42 - Validating elements
14:31:10.478 [main] DEBUG o.a.p.ModelValidator:62 - Validating with EActivityHandler: [com.emirrah.app.MainActivity]
14:31:10.521 [main] DEBUG o.a.p.ModelValidator:62 - Validating with ViewByIdHandler: [chosen_color_view]
14:31:10.524 [main] DEBUG o.a.p.ModelValidator:62 - Validating with ClickHandler: [submitColors()]
14:31:10.569 [main] INFO  o.a.p.ModelProcessor:69 - Processing root elements
14:31:10.571 [main] DEBUG o.a.p.ModelProcessor:160 - Processing root elements EActivityHandler: [com.emirrah.app.MainActivity]
14:31:10.643 [main] INFO  o.a.p.ModelProcessor:77 - Processing enclosed elements
14:31:10.647 [main] INFO  o.a.AndroidAnnotationProcessor:250 - Number of files generated by AndroidAnnotations: 1
14:31:10.649 [main] INFO  o.a.g.ApiCodeGenerator:52 - Writting following API classes in project: []
14:31:10.652 [main] DEBUG o.a.g.SourceCodewriter:55 - Generating class: com.emirrah.app.MainActivity_
14:31:10.697 [main] INFO  o.a.p.TimeStats:81 - Time measurements: [Whole Processing = 532 ms], [Find R Classes = 155 ms], [Process Annotations = 118 ms], [Extract Manifest = 72 ms], [Validate Annotations = 51 ms], [Generate Sources = 50 ms], [Extract Annotations = 34 ms], 
14:31:10.697 [main] INFO  o.a.AndroidAnnotationProcessor:122 - Finish processing
14:31:12.901 [main] INFO  o.a.AndroidAnnotationProcessor:84 - Initialize AndroidAnnotations 3.2 with options {}
14:31:13.216 [main] INFO  o.a.AndroidAnnotationProcessor:108 - Start processing for 3 annotations on 3 elements
14:31:13.222 [main] DEBUG o.a.h.AndroidManifestFinder:137 - AndroidManifest.xml file found in parent folder /Users/em.dogelio/Personal/color-coding-android: /Users/em.dogelio/Personal/color-coding-android/AndroidManifest.xml
14:31:13.229 [main] INFO  o.a.AndroidAnnotationProcessor:171 - AndroidManifest.xml found: AndroidManifest [applicationPackage=com.emirrah.app, componentQualifiedNames=[com.emirrah.app.MainActivity_], permissionQualifiedNames=[], applicationClassName=null, libraryProject=false, debugabble=false, minSdkVersion=16, maxSdkVersion=-1, targetSdkVersion=22]
14:31:13.230 [main] INFO  o.a.r.ProjectRClassFinder:50 - Found project R class: com.emirrah.app.R
14:31:13.243 [main] INFO  o.a.r.AndroidRClassFinder:44 - Found Android class: android.R
14:31:13.291 [main] INFO  o.a.p.ModelValidator:42 - Validating elements
14:31:13.292 [main] DEBUG o.a.p.ModelValidator:62 - Validating with EActivityHandler: [com.emirrah.app.MainActivity]
14:31:13.296 [main] DEBUG o.a.p.ModelValidator:62 - Validating with ViewByIdHandler: [chosen_color_view]
14:31:13.299 [main] DEBUG o.a.p.ModelValidator:62 - Validating with ClickHandler: [submitColors()]
14:31:13.315 [main] INFO  o.a.p.ModelProcessor:69 - Processing root elements
14:31:13.315 [main] DEBUG o.a.p.ModelProcessor:160 - Processing root elements EActivityHandler: [com.emirrah.app.MainActivity]
14:31:13.359 [main] INFO  o.a.p.ModelProcessor:77 - Processing enclosed elements
14:31:13.363 [main] INFO  o.a.AndroidAnnotationProcessor:250 - Number of files generated by AndroidAnnotations: 1
14:31:13.365 [main] INFO  o.a.g.ApiCodeGenerator:52 - Writting following API classes in project: []
14:31:13.367 [main] DEBUG o.a.g.SourceCodewriter:55 - Generating class: com.emirrah.app.MainActivity_
14:31:13.398 [main] INFO  o.a.p.TimeStats:81 - Time measurements: [Whole Processing = 182 ms], [Process Annotations = 61 ms], [Find R Classes = 47 ms], [Generate Sources = 35 ms], [Validate Annotations = 11 ms], [Extract Manifest = 8 ms], [Extract Annotations = 3 ms], 
14:31:13.398 [main] INFO  o.a.AndroidAnnotationProcessor:122 - Finish processing
